<?xml version="1.0" encoding="UTF-8"?>
<testsuite xmlns:xsi="http://www.w3.org/2001/XMLSchema-instance" xsi:noNamespaceSchemaLocation="https://maven.apache.org/surefire/maven-surefire-plugin/xsd/surefire-test-report-3.0.xsd" version="3.0" name="com.artisantek.ResourcesTest" time="0.029" tests="5" errors="0" skipped="0" failures="0">
  <properties>
[...]
</properties>
  <testcase name="shouldHaveIndexHtmlInPublicResources" classname="com.artisantek.ResourcesTest" time="0.003"/>
  <testcase name="templatesIndexHtmlShouldContainThymeleafAttributes" classname="com.artisantek.ResourcesTest" time="0.003"/>
  <testcase name="shouldHaveIndexHtmlInTemplatesResources" classname="com.artisantek.ResourcesTest" time="0.003"/>
  <testcase name="publicIndexHtmlShouldContainExpectedContent" classname="com.artisantek.ResourcesTest" time="0.004"/>
  <testcase name="bothHtmlFilesShouldBeValidHtml" classname="com.artisantek.ResourcesTest" time="0.005"/>
</testsuite>